<?xml version="1.0" encoding="UTF-8"?>
<testng-results ignored="0" total="1" passed="1" failed="0" skipped="0">
  <reporter-output>
  </reporter-output>
  <suite started-at="2022-07-07T15:50:25 IST" name="Default suite" finished-at="2022-07-07T15:50:51 IST" duration-ms="26494">
    <groups>
    </groups>
    <test started-at="2022-07-07T15:50:25 IST" name="Default test" finished-at="2022-07-07T15:50:51 IST" duration-ms="26494">
      <class name="Programs.PerformAddInCalculator">
        <test-method signature="performAddition()[pri:0, instance:Programs.PerformAddInCalculator@2df9b86]" started-at="2022-07-07T15:50:25 IST" name="performAddition" finished-at="2022-07-07T15:50:51 IST" duration-ms="26467" status="PASS">
          <reporter-output>
          </reporter-output>
        </test-method> <!-- performAddition -->
      </class> <!-- Programs.PerformAddInCalculator -->
    </test> <!-- Default test -->
  </suite> <!-- Default suite -->
</testng-results>
